{
  "stats": {
    "suites": 3,
    "tests": 3,
    "passes": 3,
    "pending": 0,
    "failures": 0,
    "start": "2022-11-19T10:24:47.151Z",
    "end": "2022-11-19T10:24:48.755Z",
    "duration": 1604,
    "testsRegistered": 3,
    "passPercent": 100,
    "pendingPercent": 0,
    "other": 0,
    "hasOther": false,
    "skipped": 0,
    "hasSkipped": false
  },
  "results": [
    {
      "uuid": "7e26f9f9-d745-4d13-a065-afe7a29ce37a",
      "title": "",
      "fullFile": "",
      "file": "",
      "beforeHooks": [],
      "afterHooks": [],
      "tests": [],
      "suites": [
        {
          "uuid": "1c3a8329-130e-4f8c-981c-860b1a904739",
          "title": "POST /users",
          "fullFile": "/Users/apple/Music/BootcampQA/apiAutomationLive01/api/test/createUser.js",
          "file": "/api/test/createUser.js",
          "beforeHooks": [],
          "afterHooks": [],
          "tests": [
            {
              "title": "create new user",
              "fullTitle": "POST /users create new user",
              "timedOut": false,
              "duration": 847,
              "state": "passed",
              "speed": "slow",
              "pass": true,
              "fail": false,
              "pending": false,
              "context": null,
              "code": "const response = await request\n    .post(\"/users\")\n    .send({\n        \"name\" : USER_DATA.name,\n        \"job\" : USER_DATA.job\n    });\nexpect(response.status).to.eql(201);\nexpect(response.body.name).to.eql(USER_DATA.name);\nexpect(response.body.job).to.eql(USER_DATA.job);",
              "err": {},
              "uuid": "521205d5-e5da-4f79-ac04-c392466fc530",
              "parentUUID": "1c3a8329-130e-4f8c-981c-860b1a904739",
              "isHook": false,
              "skipped": false
            }
          ],
          "suites": [],
          "passes": [
            "521205d5-e5da-4f79-ac04-c392466fc530"
          ],
          "failures": [],
          "pending": [],
          "skipped": [],
          "duration": 847,
          "root": false,
          "rootEmpty": false,
          "_timeout": 2000
        },
        {
          "uuid": "168de69f-32e4-4fd3-abba-100634740d3a",
          "title": "GET /users",
          "fullFile": "/Users/apple/Music/BootcampQA/apiAutomationLive01/api/test/getUser.js",
          "file": "/api/test/getUser.js",
          "beforeHooks": [],
          "afterHooks": [],
          "tests": [
            {
              "title": "returns all users",
              "fullTitle": "GET /users returns all users",
              "timedOut": false,
              "duration": 224,
              "state": "passed",
              "speed": "slow",
              "pass": true,
              "fail": false,
              "pending": false,
              "context": null,
              "code": "const response = await request.get(\"/users\");\nexpect(response.status).to.eql(200);\nexpect(response.body.data.length).to.eql(6);",
              "err": {},
              "uuid": "03360f24-6b4a-4e25-8139-babe591edea2",
              "parentUUID": "168de69f-32e4-4fd3-abba-100634740d3a",
              "isHook": false,
              "skipped": false
            }
          ],
          "suites": [],
          "passes": [
            "03360f24-6b4a-4e25-8139-babe591edea2"
          ],
          "failures": [],
          "pending": [],
          "skipped": [],
          "duration": 224,
          "root": false,
          "rootEmpty": false,
          "_timeout": 2000
        },
        {
          "uuid": "87f0ae75-204f-4640-adf1-f74424a5e18f",
          "title": "GET /users",
          "fullFile": "/Users/apple/Music/BootcampQA/apiAutomationLive01/api/test/getWithAuth.js",
          "file": "/api/test/getWithAuth.js",
          "beforeHooks": [],
          "afterHooks": [],
          "tests": [
            {
              "title": "returns all users",
              "fullTitle": "GET /users returns all users",
              "timedOut": false,
              "duration": 521,
              "state": "passed",
              "speed": "slow",
              "pass": true,
              "fail": false,
              "pending": false,
              "context": null,
              "code": "const response = await request\n    .get(\"/users\")\n    .set({Authorization : AUTH});\nexpect(response.status).to.eql(401);",
              "err": {},
              "uuid": "888f94d6-6039-44f8-9959-c2dfb1360a39",
              "parentUUID": "87f0ae75-204f-4640-adf1-f74424a5e18f",
              "isHook": false,
              "skipped": false
            }
          ],
          "suites": [],
          "passes": [
            "888f94d6-6039-44f8-9959-c2dfb1360a39"
          ],
          "failures": [],
          "pending": [],
          "skipped": [],
          "duration": 521,
          "root": false,
          "rootEmpty": false,
          "_timeout": 2000
        }
      ],
      "passes": [],
      "failures": [],
      "pending": [],
      "skipped": [],
      "duration": 0,
      "root": true,
      "rootEmpty": true,
      "_timeout": 2000
    }
  ],
  "meta": {
    "mocha": {
      "version": "10.1.0"
    },
    "mochawesome": {
      "options": {
        "quiet": false,
        "reportFilename": "mochawesome",
        "saveHtml": true,
        "saveJson": true,
        "consoleReporter": "spec",
        "useInlineDiffs": false,
        "code": true
      },
      "version": "7.1.3"
    },
    "marge": {
      "options": null,
      "version": "6.2.0"
    }
  }
}